Log file open, 06/06/17 23:05:42
LogInit:Display: Running engine for game: GBStudios
LogPlatformFile: Not using cached read wrapper
LogInit:Display: RandInit(-1302192920) SRandInit(-1302192920).
LogTaskGraph: Started task graph with 5 named threads and 8 total threads with 1 sets of task threads.
LogStats: Stats thread started at 0.144765
LogInit: Using libcurl 7.47.1
LogInit:  - built for x86_64-pc-win32
LogInit:  - supports SSL with OpenSSL/1.0.2g
LogInit:  - supports HTTP deflate (compression) using libz 1.2.8
LogInit:  - other features:
LogInit:      CURL_VERSION_SSL
LogInit:      CURL_VERSION_LIBZ
LogInit:      CURL_VERSION_IPV6
LogInit:      CURL_VERSION_ASYNCHDNS
LogInit:      CURL_VERSION_LARGEFILE
LogInit:      CURL_VERSION_IDN
LogInit:  CurlRequestOptions (configurable via config and command line):
LogInit:  - bVerifyPeer = false  - Libcurl will NOT verify peer certificate
LogInit:  - bUseHttpProxy = false  - Libcurl will NOT use HTTP proxy
LogInit:  - bDontReuseConnections = false  - Libcurl will reuse connections
LogInit:  - CertBundlePath = nullptr  - Libcurl will use whatever was configured at build time.
LogInit: Build: ++UE4+Release-4.16-CL-3466753
LogInit: Engine Version: 4.16.1-3466753+++UE4+Release-4.16
LogInit: Compatible Engine Version: 4.16.0-3452394+++UE4+Release-4.16
LogInit: Net CL: 3452394
LogDevObjectVersion: Number of dev versions registered: 16
LogDevObjectVersion:   Dev-Blueprints (B0D832E4-1F89-4F0D-ACCF-7EB736FD4AA2): 9
LogDevObjectVersion:   Dev-Build (E1C64328-A22C-4D53-A36C-8E866417BD8C): 0
LogDevObjectVersion:   Dev-Core (375EC13C-06E4-48FB-B500-84F0262A717E): 2
LogDevObjectVersion:   Dev-Editor (E4B068ED-F494-42E9-A231-DA0B2E46BB41): 17
LogDevObjectVersion:   Dev-Framework (CFFC743F-43B0-4480-9391-14DF171D2073): 23
LogDevObjectVersion:   Dev-Mobile (B02B49B5-BB20-44E9-A304-32B752E40360): 0
LogDevObjectVersion:   Dev-Networking (A4E4105C-59A1-49B5-A7C5-40C4547EDFEE): 0
LogDevObjectVersion:   Dev-Online (39C831C9-5AE6-47DC-9A44-9C173E1C8E7C): 0
LogDevObjectVersion:   Dev-Physics (78F01B33-EBEA-4F98-B9B4-84EACCB95AA2): 0
LogDevObjectVersion:   Dev-Platform (6631380F-2D4D-43E0-8009-CF276956A95A): 0
LogDevObjectVersion:   Dev-Rendering (12F88B9F-8875-4AFC-A67C-D90C383ABD29): 15
LogDevObjectVersion:   Dev-Sequencer (7B5AE74C-D270-4C10-A958-57980B212A5A): 4
LogDevObjectVersion:   Dev-VR (D7296918-1DD6-4BDD-9DE2-64A83CC13884): 0
LogDevObjectVersion:   Dev-LoadTimes (C2A15278-BFE7-4AFE-6C17-90FF531DF755): 1
LogDevObjectVersion:   Private-Geometry (6EACA3D4-40EC-4CC1-B786-8BED09428FC5): 1
LogDevObjectVersion:   Dev-AnimPhys (29E575DD-E0A3-4627-9D10-D276232CDCEA): 3
LogInit: Compiled (64-bit): May 31 2017 02:03:30
LogInit: Compiled with Visual C++: 19.00.24215.01
LogInit: Build Configuration: Development
LogInit: Branch Name: ++UE4+Release-4.16
LogInit: Command line:  
LogInit: Base directory: E:/UE4/UE_4.16/Engine/Binaries/Win64/
LogInit: Installed Engine Build: 1
LogInit: Presizing for max 8388607 objects, including 0 objects not considered by GC, pre-allocating 0 bytes for permanent pool.
LogInit: Object subsystem initialized
[2017.06.07-03.05.42:405][  0]LogInit: Selected Device Profile: [Windows]
[2017.06.07-03.05.42:405][  0]LogInit: Applying CVar settings loaded from the selected device profile: [Windows]
[2017.06.07-03.05.42:431][  0]LogInit: Computer: DESKTOP-VD2FRDQ
[2017.06.07-03.05.42:431][  0]LogInit: User: Liam
[2017.06.07-03.05.42:431][  0]LogInit: CPU Page size=4096, Cores=4
[2017.06.07-03.05.42:431][  0]LogInit: High frequency timer resolution =3.417982 MHz
[2017.06.07-03.05.42:431][  0]LogMemory: Memory total: Physical=16.0GB (16GB approx)
[2017.06.07-03.05.42:431][  0]LogMemory: Platform Memory Stats for Windows
[2017.06.07-03.05.42:431][  0]LogMemory: Process Physical Memory: 276.84 MB used, 276.84 MB peak
[2017.06.07-03.05.42:431][  0]LogMemory: Process Virtual Memory: 270.66 MB used, 270.66 MB peak
[2017.06.07-03.05.42:431][  0]LogMemory: Physical Memory: 6699.64 MB used,  9636.07 MB free, 16335.71 MB total
[2017.06.07-03.05.42:431][  0]LogMemory: Virtual Memory: 684.24 MB used,  9636.07 MB free, 134217728.00 MB total
[2017.06.07-03.05.42:687][  0]LogInit: Using OS detected language (en-US).
[2017.06.07-03.05.42:687][  0]LogInit: Using OS detected locale (en-CA).
[2017.06.07-03.05.42:743][  0]LogTextLocalizationManager: No specific localization for 'en-US' exists, so the 'en' localization will be used.
[2017.06.07-03.05.43:972][  0]LogD3D11RHI: D3D11 adapters:
[2017.06.07-03.05.44:014][  0]LogD3D11RHI:    0. 'NVIDIA GeForce GTX 970' (Feature Level 11_0)
[2017.06.07-03.05.44:015][  0]LogD3D11RHI:       4059/0/8167 MB DedicatedVideo/DedicatedSystem/SharedSystem, Outputs:2, VendorId:0x10de
[2017.06.07-03.05.44:017][  0]LogD3D11RHI:    1. 'Microsoft Basic Render Driver' (Feature Level 11_0)
[2017.06.07-03.05.44:017][  0]LogD3D11RHI:       0/0/8167 MB DedicatedVideo/DedicatedSystem/SharedSystem, Outputs:0, VendorId:0x1414
[2017.06.07-03.05.44:017][  0]LogD3D11RHI: Chosen D3D11 Adapter: 0
[2017.06.07-03.05.44:021][  0]LogD3D11RHI: Creating new Direct3DDevice
[2017.06.07-03.05.44:021][  0]LogD3D11RHI:     GPU DeviceId: 0x13c2 (for the marketing name, search the web for "GPU Device Id")
[2017.06.07-03.05.44:021][  0]LogWindows: EnumDisplayDevices:
[2017.06.07-03.05.44:021][  0]LogWindows:    0. 'NVIDIA GeForce GTX 970' (P:1 D:1)
[2017.06.07-03.05.44:021][  0]LogWindows:    1. 'NVIDIA GeForce GTX 970' (P:0 D:1)
[2017.06.07-03.05.44:021][  0]LogWindows:    2. 'NVIDIA GeForce GTX 970' (P:0 D:0)
[2017.06.07-03.05.44:022][  0]LogWindows:    3. 'NVIDIA GeForce GTX 970' (P:0 D:0)
[2017.06.07-03.05.44:022][  0]LogWindows: DebugString: GetVideoDriverDetailsInvalid PrimaryIsNotTheChoosenAdapter GetVideoDriverDetailsInvalid PrimaryIsNotTheChoosenAdapter GetVideoDriverDetailsInvalid PrimaryIsNotTheChoosenAdapter GetVideoDriverDetailsInvalid PrimaryIsNotTheChoosenAdapter FoundDriverCount:0 
[2017.06.07-03.05.44:022][  0]LogD3D11RHI:     Adapter Name: NVIDIA GeForce GTX 970
[2017.06.07-03.05.44:022][  0]LogD3D11RHI:   Driver Version: Unknown (internal:Unknown, unified:Unknown)
[2017.06.07-03.05.44:022][  0]LogD3D11RHI:      Driver Date: Unknown
[2017.06.07-03.05.44:022][  0]LogRHI: Texture pool is 1361 MB (70% of 1945 MB)
[2017.06.07-03.05.44:050][  0]LogD3D11RHI: Async texture creation enabled
[2017.06.07-03.05.44:061][  0]LogD3D11RHI: GPU Timing Frequency: 1000.000000 (Debug: 2 1)
[2017.06.07-03.05.44:111][  0]LogShaderCompilers: Guid format shader working directory is -9 characters bigger than the processId version (C:/Users/Liam/Google Drive/GB Studios/Build/GBStudios/Intermediate/Shaders/WorkingDirectory/10840/).
[2017.06.07-03.05.44:111][  0]LogShaderCompilers: Cleaned the shader compiler working directory 'C:/Users/Liam/AppData/Local/Temp/UnrealShaderWorkingDir/1B1FC495484FD571ED86A096B4CC4808/'.
[2017.06.07-03.05.44:111][  0]LogShaderCompilers:Display: Using Local Shader Compiler.
[2017.06.07-03.05.45:752][  0]LogTemp:Display: Loaded TP AllDesktopTargetPlatform
[2017.06.07-03.05.45:797][  0]LogTemp:Display: Loaded TP MacClientTargetPlatform
[2017.06.07-03.05.45:829][  0]LogTemp:Display: Loaded TP MacNoEditorTargetPlatform
[2017.06.07-03.05.45:861][  0]LogTemp:Display: Loaded TP MacServerTargetPlatform
[2017.06.07-03.05.45:913][  0]LogTemp:Display: Loaded TP MacTargetPlatform
[2017.06.07-03.05.45:946][  0]LogTemp:Display: Loaded TP WindowsClientTargetPlatform
[2017.06.07-03.05.45:978][  0]LogTemp:Display: Loaded TP WindowsNoEditorTargetPlatform
[2017.06.07-03.05.46:011][  0]LogTemp:Display: Loaded TP WindowsServerTargetPlatform
[2017.06.07-03.05.46:039][  0]LogTemp:Display: Loaded TP WindowsTargetPlatform
[2017.06.07-03.05.46:079][  0]LogTemp:Display: Loaded TP AndroidTargetPlatform
[2017.06.07-03.05.46:110][  0]LogTemp:Display: Loaded TP Android_ASTCTargetPlatform
[2017.06.07-03.05.46:142][  0]LogTemp:Display: Loaded TP Android_ATCTargetPlatform
[2017.06.07-03.05.46:174][  0]LogTemp:Display: Loaded TP Android_DXTTargetPlatform
[2017.06.07-03.05.46:205][  0]LogTemp:Display: Loaded TP Android_ETC1TargetPlatform
[2017.06.07-03.05.46:255][  0]LogTemp:Display: Loaded TP Android_ETC2TargetPlatform
[2017.06.07-03.05.46:320][  0]LogTemp:Display: Loaded TP Android_MultiTargetPlatform
[2017.06.07-03.05.46:320][  0]LogTemp:Display: Loaded TP Android_PVRTCTargetPlatform
[2017.06.07-03.05.46:344][  0]LogTemp:Display: Loaded TP HTML5TargetPlatform
[2017.06.07-03.05.46:462][  0]LogTemp:Display: Loaded TP IOSTargetPlatform
[2017.06.07-03.05.46:482][  0]LogTemp:Display: Loaded TP TVOSTargetPlatform
[2017.06.07-03.05.46:514][  0]LogTemp:Display: Loaded TP LinuxClientTargetPlatform
[2017.06.07-03.05.46:545][  0]LogTemp:Display: Loaded TP LinuxNoEditorTargetPlatform
[2017.06.07-03.05.46:598][  0]LogTemp:Display: Loaded TP LinuxServerTargetPlatform
[2017.06.07-03.05.46:636][  0]LogTemp:Display: Loaded TP LinuxTargetPlatform
[2017.06.07-03.05.46:636][  0]LogTargetPlatformManager:Display: Building Assets For Windows
[2017.06.07-03.05.47:425][  0]LogDerivedDataCache:Display: Max Cache Size: 512 MB
[2017.06.07-03.05.47:798][  0]LogDerivedDataCache: Loaded boot cache 0.37s 90MB C:/Users/Liam/AppData/Local/UnrealEngine/4.16/DerivedDataCache/Boot.ddc.
[2017.06.07-03.05.47:799][  0]LogDerivedDataCache:Display: Loaded Boot cache: C:/Users/Liam/AppData/Local/UnrealEngine/4.16/DerivedDataCache/Boot.ddc
[2017.06.07-03.05.47:799][  0]LogDerivedDataCache: FDerivedDataBackendGraph:  Pak pak cache file C:/Users/Liam/Google Drive/GB Studios/Build/GBStudios/DerivedDataCache/DDC.ddp not found, will not use a pak cache.
[2017.06.07-03.05.47:799][  0]LogDerivedDataCache: Unable to find inner node Pak for hierarchical cache Hierarchy.
[2017.06.07-03.05.47:799][  0]LogDerivedDataCache: FDerivedDataBackendGraph:  CompressedPak pak cache file C:/Users/Liam/Google Drive/GB Studios/Build/GBStudios/DerivedDataCache/Compressed.ddp not found, will not use a pak cache.
[2017.06.07-03.05.47:799][  0]LogDerivedDataCache: Unable to find inner node CompressedPak for hierarchical cache Hierarchy.
[2017.06.07-03.05.47:832][  0]LogDerivedDataCache:Display: Pak cache opened for reading ../../../Engine/DerivedDataCache/Compressed.ddp.
[2017.06.07-03.05.47:844][  0]LogDerivedDataCache: Using Local data cache path C:/Users/Liam/AppData/Local/UnrealEngine/Common/DerivedDataCache: Writable
[2017.06.07-03.05.47:854][  0]LogMaterial: Verifying Global Shaders for PCD3D_SM5
[2017.06.07-03.05.47:854][  0]LogSlate: Using Freetype 2.6.0
[2017.06.07-03.05.47:864][  0]LogSlate: SlateFontCache - WITH_FREETYPE: 1, WITH_HARFBUZZ: 1
[2017.06.07-03.05.47:864][  0]LogSlate: SlateFontCache - WITH_FREETYPE: 1, WITH_HARFBUZZ: 1
[2017.06.07-03.05.50:738][  0]LogInit: Selected Device Profile: [Windows]
[2017.06.07-03.05.50:879][  0]LogContentStreaming: Texture pool size is 0.00 MB
[2017.06.07-03.05.51:129][  0]LogMeshUtilities: Using QuadricMeshReduction for automatic static mesh reduction
[2017.06.07-03.05.51:216][  0]LogSimplygon: Simplygon DLL not present - disabling.
[2017.06.07-03.05.51:283][  0]LogMeshUtilities: Using SimplygonSwarm for distributed automatic mesh merging
[2017.06.07-03.05.51:283][  0]LogMeshUtilities: No automatic skeletal mesh reduction module available
[2017.06.07-03.05.51:283][  0]LogMeshUtilities: No automatic mesh merging module available
[2017.06.07-03.05.52:371][  0]LogNetVersion: GBStudios , NetCL: 3452394, EngineNetVer: 2, GameNetVer: 0 (Checksum: 1819163090)
[2017.06.07-03.05.52:526][  0]LogAssetRegistry: FAssetRegistry took 0.0248 seconds to start up
[2017.06.07-03.05.52:570][  0]LogPackageLocalizationCache: Processed 4 localized package path(s) for 2 prioritized culture(s) in 0.025847 seconds
[2017.06.07-03.05.52:576][  0]LogUObjectArray: 34194 objects as part of root set at end of initial load.
[2017.06.07-03.05.52:576][  0]LogUObjectAllocator: 7260416 out of 0 bytes used by permanent object pool.
[2017.06.07-03.05.52:576][  0]LogUObjectArray: CloseDisregardForGC: 0/0 objects in disregard for GC pool
[2017.06.07-03.05.52:621][  0]LogInit: WinSock: version 1.1 (2.2), MaxSocks=32767, MaxUdp=65467
[2017.06.07-03.06.07:751][  0]LogTcpMessaging: Initializing TcpMessaging bridge
[2017.06.07-03.06.07:799][  0]LogUdpMessaging: Initializing bridge on interface 0.0.0.0:0 to multicast group 230.0.0.1:6666.
[2017.06.07-03.06.08:368][  0]LogMaterial: Uniform references updated for custom material expression Custom.
[2017.06.07-03.06.08:771][  0]SourceControl: Info Source control is disabled
[2017.06.07-03.06.08:819][  0]SourceControl: Info Source control is disabled
[2017.06.07-03.06.08:869][  0]SourceControl: Info Source control is disabled
[2017.06.07-03.06.08:935][  0]SourceControl: Info Source control is disabled
[2017.06.07-03.06.09:935][  0]LogAndroidPermission: UAndroidPermissionCallbackProxy::GetInstance
[2017.06.07-03.06.10:709][  0]LogEngine: Initializing Engine...
[2017.06.07-03.06.10:709][  0]LogHMD: Failed to initialize OpenVR with code 110
[2017.06.07-03.06.10:952][  0]LogStats: UGameplayTagsManager::ConstructGameplayTagTree: Construct from data asset -  0.000 s
[2017.06.07-03.06.10:952][  0]LogStats: UGameplayTagsManager::ConstructGameplayTagTree: GameplayTagTreeChangedEvent.Broadcast -  0.000 s
[2017.06.07-03.06.11:052][  0]LogAIModule: Creating AISystem for world Untitled
[2017.06.07-03.06.11:060][  0]LogInit: XAudio2 using 'Headphones (Realtek High Definition Audio)' : 2 channels at 48 kHz using 32 bits per sample (channel mask 0x3)
[2017.06.07-03.06.11:078][  0]LogInit: FAudioDevice initialized.
[2017.06.07-03.06.11:120][  0]LogDerivedDataCache: Saved boot cache 0.04s 90MB C:/Users/Liam/AppData/Local/UnrealEngine/4.16/DerivedDataCache/Boot.ddc.
[2017.06.07-03.06.11:128][  0]LogInit: Texture streaming: Enabled
[2017.06.07-03.06.11:245][  0]LogEngineSessionManager: EngineSessionManager initialized
[2017.06.07-03.06.11:539][  0]LogInit: Transaction tracking system initialized
[2017.06.07-03.06.11:828][  0]BlueprintLog: New page: Editor Load
[2017.06.07-03.06.12:859][  0]LocalizationService: Info Localization service is disabled
[2017.06.07-03.06.13:955][  0]LogConsoleResponse:Display: 
[2017.06.07-03.06.15:076][  0]LogCook:Display: Max memory allowance for cook 16384mb min free memory 0mb
[2017.06.07-03.06.15:076][  0]LogCook:Display: Mobile HDR setting 1
[2017.06.07-03.06.16:224][  0]LogFileCache: Scanning file cache for directory 'C:/Users/Liam/Google Drive/GB Studios/Build/GBStudios/Content/' took 0.01s
[2017.06.07-03.06.17:722][  0]SourceControl: Info Source control is disabled
[2017.06.07-03.06.17:722][  0]Cmd: MAP LOAD FILE="C:/Users/Liam/Google Drive/GB Studios/Build/GBStudios/Content/FirstPersonBP/Maps/FirstPersonExampleMap.umap" TEMPLATE=0 SHOWPROGRESS=1 FEATURELEVEL=3
[2017.06.07-03.06.17:722][  0]LightingResults: New page: Lighting Build
[2017.06.07-03.06.17:751][  0]MapCheck: New page: Map Check
[2017.06.07-03.06.17:751][  0]LightingResults: New page: Lighting Build
[2017.06.07-03.06.17:771][  0]LogLinker:Warning: Can't find file '/Game/Arms/Materials/M_Arms'
[2017.06.07-03.06.17:771][  0]LogLinker:Warning: Can't find file for asset '/Game/Arms/Materials/M_Arms' while loading C:/Users/Liam/Google Drive/GB Studios/Build/GBStudios/Content/Weapons/G3SG1/G3SG1.uasset.
[2017.06.07-03.06.17:771][  0]LoadErrors:Error: Error /Game/Weapons/G3SG1/G3SG1 : Can't find file for asset. /Game/Arms/Materials/M_Arms
[2017.06.07-03.06.17:771][  0]LogLinker:Warning: Can't find file '/Game/Arms/Materials/M_Garmin_Body'
[2017.06.07-03.06.17:771][  0]LogLinker:Warning: Can't find file for asset '/Game/Arms/Materials/M_Garmin_Body' while loading C:/Users/Liam/Google Drive/GB Studios/Build/GBStudios/Content/Weapons/G3SG1/G3SG1.uasset.
[2017.06.07-03.06.17:771][  0]LoadErrors:Error: Error /Game/Weapons/G3SG1/G3SG1 : Can't find file for asset. /Game/Arms/Materials/M_Garmin_Body
[2017.06.07-03.06.17:771][  0]LogLinker:Warning: Can't find file '/Game/Arms/Materials/M_Watch_Band'
[2017.06.07-03.06.17:771][  0]LogLinker:Warning: Can't find file for asset '/Game/Arms/Materials/M_Watch_Band' while loading C:/Users/Liam/Google Drive/GB Studios/Build/GBStudios/Content/Weapons/G3SG1/G3SG1.uasset.
[2017.06.07-03.06.17:771][  0]LoadErrors:Error: Error /Game/Weapons/G3SG1/G3SG1 : Can't find file for asset. /Game/Arms/Materials/M_Watch_Band
[2017.06.07-03.06.17:771][  0]LogLinker:Warning: Can't find file '/Game/Arms/Materials/M_Watch_Body'
[2017.06.07-03.06.17:771][  0]LogLinker:Warning: Can't find file for asset '/Game/Arms/Materials/M_Watch_Body' while loading C:/Users/Liam/Google Drive/GB Studios/Build/GBStudios/Content/Weapons/G3SG1/G3SG1.uasset.
[2017.06.07-03.06.17:772][  0]LoadErrors:Error: Error /Game/Weapons/G3SG1/G3SG1 : Can't find file for asset. /Game/Arms/Materials/M_Watch_Body
[2017.06.07-03.06.17:782][  0]LogLinker:Warning: Can't find file '/Game/Arms/Materials/M_Glass_Inst'
[2017.06.07-03.06.17:782][  0]LogLinker:Warning: Can't find file for asset '/Game/Arms/Materials/M_Glass_Inst' while loading C:/Users/Liam/Google Drive/GB Studios/Build/GBStudios/Content/Weapons/G3SG1/G3SG1.uasset.
[2017.06.07-03.06.17:783][  0]LoadErrors:Error: Error /Game/Weapons/G3SG1/G3SG1 : Can't find file for asset. /Game/Arms/Materials/M_Glass_Inst
[2017.06.07-03.06.17:783][  0]LogLinker:Warning: Can't find file '/Game/Arms/Materials/M_Arms'
[2017.06.07-03.06.17:783][  0]LogLinker:Warning: Can't find file for asset '/Game/Arms/Materials/M_Arms' while loading C:/Users/Liam/Google Drive/GB Studios/Build/GBStudios/Content/Weapons/G3SG1/G3SG1.uasset.
[2017.06.07-03.06.17:783][  0]LoadErrors:Error: Error /Game/Weapons/G3SG1/G3SG1 : Can't find file for asset. /Game/Arms/Materials/M_Arms
[2017.06.07-03.06.17:783][  0]LogLinker:Warning: Can't find file '/Game/Arms/Materials/M_Garmin_Body'
[2017.06.07-03.06.17:783][  0]LogLinker:Warning: Can't find file for asset '/Game/Arms/Materials/M_Garmin_Body' while loading C:/Users/Liam/Google Drive/GB Studios/Build/GBStudios/Content/Weapons/G3SG1/G3SG1.uasset.
[2017.06.07-03.06.17:783][  0]LoadErrors:Error: Error /Game/Weapons/G3SG1/G3SG1 : Can't find file for asset. /Game/Arms/Materials/M_Garmin_Body
[2017.06.07-03.06.17:783][  0]LogLinker:Warning: Can't find file '/Game/Arms/Materials/M_Glass_Inst'
[2017.06.07-03.06.17:783][  0]LogLinker:Warning: Can't find file for asset '/Game/Arms/Materials/M_Glass_Inst' while loading C:/Users/Liam/Google Drive/GB Studios/Build/GBStudios/Content/Weapons/G3SG1/G3SG1.uasset.
[2017.06.07-03.06.17:783][  0]LoadErrors:Error: Error /Game/Weapons/G3SG1/G3SG1 : Can't find file for asset. /Game/Arms/Materials/M_Glass_Inst
[2017.06.07-03.06.17:783][  0]LogLinker:Warning: Can't find file '/Game/Arms/Materials/M_Watch_Band'
[2017.06.07-03.06.17:783][  0]LogLinker:Warning: Can't find file for asset '/Game/Arms/Materials/M_Watch_Band' while loading C:/Users/Liam/Google Drive/GB Studios/Build/GBStudios/Content/Weapons/G3SG1/G3SG1.uasset.
[2017.06.07-03.06.17:783][  0]LoadErrors:Error: Error /Game/Weapons/G3SG1/G3SG1 : Can't find file for asset. /Game/Arms/Materials/M_Watch_Band
[2017.06.07-03.06.17:783][  0]LogLinker:Warning: Can't find file '/Game/Arms/Materials/M_Watch_Body'
[2017.06.07-03.06.17:783][  0]LogLinker:Warning: Can't find file for asset '/Game/Arms/Materials/M_Watch_Body' while loading C:/Users/Liam/Google Drive/GB Studios/Build/GBStudios/Content/Weapons/G3SG1/G3SG1.uasset.
[2017.06.07-03.06.17:783][  0]LoadErrors:Error: Error /Game/Weapons/G3SG1/G3SG1 : Can't find file for asset. /Game/Arms/Materials/M_Watch_Body
[2017.06.07-03.06.18:040][  0]LogLinker:Warning: Can't find file '/Game/Arms/Materials/M_Garmin_Body'
[2017.06.07-03.06.18:040][  0]LoadErrors: Info Failed to load /Game/Arms/Materials/M_Garmin_Body.M_Garmin_Body Referenced by G3SG1
[2017.06.07-03.06.18:040][  0]LogLinker:Warning: Can't find file for asset '/Game/Arms/Materials/M_Garmin_Body' while loading NULL.
[2017.06.07-03.06.18:040][  0]LoadErrors: Info Failed to load /Game/Arms/Materials/M_Garmin_Body.M_Garmin_Body Referenced by G3SG1
[2017.06.07-03.06.18:041][  0]LogLinker:Warning: Can't find file '/Game/Arms/Materials/M_Glass_Inst'
[2017.06.07-03.06.18:041][  0]LoadErrors: Info Failed to load /Game/Arms/Materials/M_Glass_Inst.M_Glass_Inst Referenced by G3SG1
[2017.06.07-03.06.18:041][  0]LogLinker:Warning: Can't find file for asset '/Game/Arms/Materials/M_Glass_Inst' while loading NULL.
[2017.06.07-03.06.18:041][  0]LoadErrors: Info Failed to load /Game/Arms/Materials/M_Glass_Inst.M_Glass_Inst Referenced by G3SG1
[2017.06.07-03.06.18:041][  0]LogLinker:Warning: Can't find file '/Game/Arms/Materials/M_Watch_Band'
[2017.06.07-03.06.18:041][  0]LoadErrors: Info Failed to load /Game/Arms/Materials/M_Watch_Band.M_Watch_Band Referenced by G3SG1
[2017.06.07-03.06.18:041][  0]LogLinker:Warning: Can't find file for asset '/Game/Arms/Materials/M_Watch_Band' while loading NULL.
[2017.06.07-03.06.18:041][  0]LoadErrors: Info Failed to load /Game/Arms/Materials/M_Watch_Band.M_Watch_Band Referenced by G3SG1
[2017.06.07-03.06.18:041][  0]LogLinker:Warning: Can't find file '/Game/Arms/Materials/M_Arms'
[2017.06.07-03.06.18:041][  0]LoadErrors: Info Failed to load /Game/Arms/Materials/M_Arms.M_Arms Referenced by G3SG1
[2017.06.07-03.06.18:041][  0]LogLinker:Warning: Can't find file for asset '/Game/Arms/Materials/M_Arms' while loading NULL.
[2017.06.07-03.06.18:041][  0]LoadErrors: Info Failed to load /Game/Arms/Materials/M_Arms.M_Arms Referenced by G3SG1
[2017.06.07-03.06.18:041][  0]LogLinker:Warning: Can't find file '/Game/Arms/Materials/M_Arms'
[2017.06.07-03.06.18:041][  0]LoadErrors: Info Failed to load /Game/Arms/Materials/M_Arms.M_Arms Referenced by G3SG1
[2017.06.07-03.06.18:041][  0]LogLinker:Warning: Can't find file for asset '/Game/Arms/Materials/M_Arms' while loading NULL.
[2017.06.07-03.06.18:041][  0]LoadErrors: Info Failed to load /Game/Arms/Materials/M_Arms.M_Arms Referenced by G3SG1
[2017.06.07-03.06.18:041][  0]LogLinker:Warning: Can't find file '/Game/Arms/Materials/M_Arms'
[2017.06.07-03.06.18:041][  0]LoadErrors: Info Failed to load /Game/Arms/Materials/M_Arms.M_Arms Referenced by G3SG1
[2017.06.07-03.06.18:041][  0]LogLinker:Warning: Can't find file for asset '/Game/Arms/Materials/M_Arms' while loading NULL.
[2017.06.07-03.06.18:041][  0]LoadErrors: Info Failed to load /Game/Arms/Materials/M_Arms.M_Arms Referenced by G3SG1
[2017.06.07-03.06.18:041][  0]LogLinker:Warning: Can't find file '/Game/Arms/Materials/M_Arms'
[2017.06.07-03.06.18:041][  0]LoadErrors: Info Failed to load /Game/Arms/Materials/M_Arms.M_Arms Referenced by G3SG1
[2017.06.07-03.06.18:042][  0]LogLinker:Warning: Can't find file for asset '/Game/Arms/Materials/M_Arms' while loading NULL.
[2017.06.07-03.06.18:042][  0]LoadErrors: Info Failed to load /Game/Arms/Materials/M_Arms.M_Arms Referenced by G3SG1
[2017.06.07-03.06.18:042][  0]LogLinker:Warning: Can't find file '/Game/Arms/Materials/M_Watch_Body'
[2017.06.07-03.06.18:042][  0]LoadErrors: Info Failed to load /Game/Arms/Materials/M_Watch_Body.M_Watch_Body Referenced by G3SG1
[2017.06.07-03.06.18:042][  0]LogLinker:Warning: Can't find file for asset '/Game/Arms/Materials/M_Watch_Body' while loading NULL.
[2017.06.07-03.06.18:042][  0]LoadErrors: Info Failed to load /Game/Arms/Materials/M_Watch_Body.M_Watch_Body Referenced by G3SG1
[2017.06.07-03.06.18:042][  0]LogLinker:Warning: Can't find file '/Game/Arms/Materials/M_Glass_Inst'
[2017.06.07-03.06.18:042][  0]LoadErrors: Info Failed to load /Game/Arms/Materials/M_Glass_Inst.M_Glass_Inst Referenced by G3SG1
[2017.06.07-03.06.18:042][  0]LogLinker:Warning: Can't find file for asset '/Game/Arms/Materials/M_Glass_Inst' while loading NULL.
[2017.06.07-03.06.18:042][  0]LoadErrors: Info Failed to load /Game/Arms/Materials/M_Glass_Inst.M_Glass_Inst Referenced by G3SG1
[2017.06.07-03.06.18:240][  0]LogAIModule: Creating AISystem for world FirstPersonExampleMap
[2017.06.07-03.06.18:249][  0]LogEditorServer: Finished looking for orphan Actors (0.000 secs)
[2017.06.07-03.06.18:259][  0]Cmd: MAP CHECKDEP NOCLEARLOG
[2017.06.07-03.06.18:289][  0]MapCheck: Info Map check complete: 0 Error(s), 0 Warning(s), took 29.795ms to complete.
[2017.06.07-03.06.18:289][  0]LogFileHelpers: Loading map 'FirstPersonExampleMap' took 0.567
[2017.06.07-03.06.18:394][  0]LogWindowsTextInputMethodSystem:Display: IME system now deactivated.
[2017.06.07-03.06.18:571][  0]LogCollectionManager: Loaded 0 collections in 0.000790 seconds
[2017.06.07-03.06.18:667][  0]LogFileCache: Scanning file cache for directory 'C:/Users/Liam/Google Drive/GB Studios/Build/GBStudios/Saved/Collections/' took 0.01s
[2017.06.07-03.06.18:667][  0]LogFileCache: Scanning file cache for directory 'C:/Users/Liam/Google Drive/GB Studios/Build/GBStudios/Content/Developers/Liam/Collections/' took 0.01s
[2017.06.07-03.06.18:667][  0]LogFileCache: Scanning file cache for directory 'C:/Users/Liam/Google Drive/GB Studios/Build/GBStudios/Content/Collections/' took 0.01s
[2017.06.07-03.06.18:667][  0]LogCollectionManager: Rebuilt the GUID cache for 0 collections in 0.000001 seconds
[2017.06.07-03.06.18:676][  0]LogContentBrowser: Native class hierarchy populated in 0.0087 seconds. Added 2329 classes and 491 folders.
[2017.06.07-03.06.18:719][  0]LogContentBrowser: Native class hierarchy updated for 'WidgetCarousel' in 0.0005 seconds. Added 0 classes and 0 folders.
[2017.06.07-03.06.19:445][  0]LogContentBrowser: Native class hierarchy updated for 'AddContentDialog' in 0.0005 seconds. Added 0 classes and 0 folders.
[2017.06.07-03.06.19:504][  0]LogContentBrowser: Native class hierarchy updated for 'SceneOutliner' in 0.0005 seconds. Added 1 classes and 2 folders.
[2017.06.07-03.06.19:543][  0]LogCrashTracker: Crashtracker disabled due to settings.
[2017.06.07-03.06.19:549][  0]LogSlate: Took 0.000144 seconds to synchronously load lazily loaded font '../../../Engine/Content/Slate/Fonts/Roboto-Regular.ttf' (155K)
[2017.06.07-03.06.19:574][  0]LogSlate: Took 0.023844 seconds to synchronously load lazily loaded font '../../../Engine/Content/Slate/Fonts/Roboto-Bold.ttf' (160K)
[2017.06.07-03.06.19:591][  0]LogSlate: Took 0.012524 seconds to synchronously load lazily loaded font '../../../Engine/Content/Editor/Slate/Fonts/FontAwesome.ttf' (139K)
[2017.06.07-03.06.19:707][  0]LogRenderer: Reallocating scene render targets to support 1616x808 NumSamples 1 (Frame:1).
[2017.06.07-03.06.19:997][  0]LogContentBrowser: Native class hierarchy updated for 'HierarchicalLODOutliner' in 0.0007 seconds. Added 1 classes and 2 folders.
[2017.06.07-03.06.19:997][  0]LogLoad: (Engine Initialization) Total time: 40.04 seconds
[2017.06.07-03.06.19:997][  0]LogLoad: (Engine Initialization) Total Blueprint compile time: 0.14 seconds
[2017.06.07-03.06.19:997][  0]LogExternalProfiler: No external profilers were discovered.  External profiling features will not be available.
[2017.06.07-03.06.20:010][  0]LogOcInput: OculusInput pre-init called
[2017.06.07-03.06.20:010][  0]LogHMD: Starting GearVRController plugin
[2017.06.07-03.06.20:032][  0]LogContentStreaming: Texture pool size now 400 MB
[2017.06.07-03.06.20:170][  1]LogAssetRegistry: Asset discovery search completed in 27.6657 seconds
[2017.06.07-03.06.20:172][  1]LogCollectionManager: Rebuilt the object cache for 0 collections in 0.000001 seconds (found 0 objects)
[2017.06.07-03.06.20:172][  1]LogCollectionManager: Fixed up redirectors for 0 collections in 0.000022 seconds (updated 0 objects)
[2017.06.07-03.06.46:898][ 77]LogLinker:Warning: Can't find file '/Game/FirstPersonBP/Blueprints/EnivronmentBP/Pickups/SniperPickupBP'
[2017.06.07-03.06.46:898][ 77]LogLinker:Warning: Can't find file for asset '/Game/FirstPersonBP/Blueprints/EnivronmentBP/Pickups/SniperPickupBP' while loading C:/Users/Liam/Google Drive/GB Studios/Build/GBStudios/Content/FirstPersonBP/Blueprints/EnivronmentBP/PickupBP.uasset.
[2017.06.07-03.06.46:898][ 77]LoadErrors:Error: Error /Game/FirstPersonBP/Blueprints/EnivronmentBP/PickupBP : Can't find file for asset. /Game/FirstPersonBP/Blueprints/EnivronmentBP/Pickups/SniperPickupBP
[2017.06.07-03.06.46:898][ 77]LogLinker:Warning: Can't find file '/Game/FirstPersonBP/Blueprints/EnivronmentBP/Pickups/SniperPickupBP'
[2017.06.07-03.06.46:898][ 77]LogLinker:Warning: Can't find file for asset '/Game/FirstPersonBP/Blueprints/EnivronmentBP/Pickups/SniperPickupBP' while loading C:/Users/Liam/Google Drive/GB Studios/Build/GBStudios/Content/FirstPersonBP/Blueprints/EnivronmentBP/PickupBP.uasset.
[2017.06.07-03.06.46:898][ 77]LogLinker:Warning: Can't find file '/Game/FirstPersonBP/Blueprints/EnivronmentBP/Pickups/SniperPickupBP'
[2017.06.07-03.06.46:898][ 77]LogLinker:Warning: Can't find file for asset '/Game/FirstPersonBP/Blueprints/EnivronmentBP/Pickups/SniperPickupBP' while loading C:/Users/Liam/Google Drive/GB Studios/Build/GBStudios/Content/FirstPersonBP/Blueprints/EnivronmentBP/PickupBP.uasset.
[2017.06.07-03.06.46:899][ 77]LogLinker:Warning: Can't find file '/Game/FirstPersonBP/Blueprints/EnivronmentBP/Pickups/SniperPickupBP'
[2017.06.07-03.06.46:899][ 77]LogLinker:Warning: Can't find file for asset '/Game/FirstPersonBP/Blueprints/EnivronmentBP/Pickups/SniperPickupBP' while loading C:/Users/Liam/Google Drive/GB Studios/Build/GBStudios/Content/FirstPersonBP/Blueprints/EnivronmentBP/PickupBP.uasset.
[2017.06.07-03.06.46:899][ 77]LogLinker:Warning: Can't find file '/Game/FirstPersonBP/Blueprints/EnivronmentBP/Pickups/SniperPickupBP'
[2017.06.07-03.06.46:899][ 77]LoadErrors: Info Failed to load /Game/FirstPersonBP/Blueprints/EnivronmentBP/Pickups/SniperPickupBP.Default__SniperPickupBP_C Referenced by Default__PickupBP_C
[2017.06.07-03.06.46:899][ 77]LogLinker:Warning: Can't find file for asset '/Game/FirstPersonBP/Blueprints/EnivronmentBP/Pickups/SniperPickupBP' while loading NULL.
[2017.06.07-03.06.46:899][ 77]LogLinker:Warning: Can't find file '/Game/FirstPersonBP/Blueprints/EnivronmentBP/Pickups/SniperPickupBP'
[2017.06.07-03.06.46:899][ 77]LoadErrors: Info Failed to load /Game/FirstPersonBP/Blueprints/EnivronmentBP/Pickups/SniperPickupBP.SniperPickupBP Referenced by PickupBP
[2017.06.07-03.06.46:899][ 77]LogLinker:Warning: Can't find file for asset '/Game/FirstPersonBP/Blueprints/EnivronmentBP/Pickups/SniperPickupBP' while loading NULL.
[2017.06.07-03.06.46:899][ 77]LogLinker:Warning: Can't find file '/Game/FirstPersonBP/Blueprints/EnivronmentBP/Pickups/SniperPickupBP'
[2017.06.07-03.06.46:899][ 77]LoadErrors: Info Failed to load /Game/FirstPersonBP/Blueprints/EnivronmentBP/Pickups/SniperPickupBP.SniperPickupBP_C Referenced by PickupBP_C
[2017.06.07-03.06.46:899][ 77]LogLinker:Warning: Can't find file for asset '/Game/FirstPersonBP/Blueprints/EnivronmentBP/Pickups/SniperPickupBP' while loading NULL.
[2017.06.07-03.06.46:919][ 77]LogSlate: Took 0.000115 seconds to synchronously load lazily loaded font '../../../Engine/Content/Slate/Fonts/Roboto-Light.ttf' (159K)
[2017.06.07-03.07.06:712][263]LogContentBrowser: Native class hierarchy updated for 'BlueprintGraph' in 0.0008 seconds. Added 112 classes and 0 folders.
[2017.06.07-03.07.07:241][263]LogSlate: Took 0.000145 seconds to synchronously load lazily loaded font '../../../Engine/Content/Slate/Fonts/Roboto-Regular.ttf' (155K)
[2017.06.07-03.07.07:419][263]LogSlate: Took 0.010284 seconds to synchronously load lazily loaded font '../../../Engine/Content/Editor/Slate/Fonts/Roboto-BoldCondensed.ttf' (158K)
[2017.06.07-03.07.07:677][264]LogSlate: Took 0.008038 seconds to synchronously load lazily loaded font '../../../Engine/Content/Editor/Slate/Fonts/Roboto-Italic.ttf' (157K)
[2017.06.07-03.07.48:108][158]LogSlate: Took 0.018338 seconds to synchronously load lazily loaded font '../../../Engine/Content/Editor/Slate/Fonts/Roboto-BoldCondensedItalic.ttf' (160K)
[2017.06.07-03.08.22:731][495]BlueprintLog: New page: Compile FirstPersonCharacter
[2017.06.07-03.08.22:767][495]LogBlueprint:Error: [Compiler FirstPersonCharacter] Error The type of  Target Map  is undetermined.  Connect something to  Add  to imply a specific type.
[2017.06.07-03.08.22:767][495]LogBlueprint:Error: [Compiler FirstPersonCharacter] Error The type of  Key  is undetermined.  Connect something to  Add  to imply a specific type.
[2017.06.07-03.08.22:767][495]LogBlueprint:Error: [Compiler FirstPersonCharacter] Error The type of  Variable  is undetermined.  Connect something to  Add  to imply a specific type.
[2017.06.07-03.08.22:768][495]LogBlueprint:Error: [Compiler FirstPersonCharacter] Error The current value of the ' Array ' pin is invalid: Array inputs (like 'Target Array') must have an input wired into them (try connecting a MakeArray node).
[2017.06.07-03.08.22:768][495]LogBlueprint:Error: [Compiler FirstPersonCharacter] Error The current value of the ' Target Map ' pin is invalid: Map inputs (like 'Target Map') must have an input wired into them (try connecting a MakeMap node).
[2017.06.07-03.08.23:115][495]BlueprintEditorCompileResults:Error: Error The type of  Target Map  is undetermined.  Connect something to  Add  to imply a specific type.
[2017.06.07-03.08.23:115][495]BlueprintEditorCompileResults:Error: Error The type of  Key  is undetermined.  Connect something to  Add  to imply a specific type.
[2017.06.07-03.08.23:115][495]BlueprintEditorCompileResults:Error: Error The type of  Variable  is undetermined.  Connect something to  Add  to imply a specific type.
[2017.06.07-03.08.23:115][495]BlueprintEditorCompileResults:Error: Error The current value of the ' Array ' pin is invalid: Array inputs (like 'Target Array') must have an input wired into them (try connecting a MakeArray node).
[2017.06.07-03.08.23:115][495]BlueprintEditorCompileResults:Error: Error The current value of the ' Target Map ' pin is invalid: Map inputs (like 'Target Map') must have an input wired into them (try connecting a MakeMap node).
[2017.06.07-03.08.23:115][495]LogBlueprint:Warning: [Compiler FirstPersonCharacter] Warning [0163.15] Compile of FirstPersonCharacter failed. 5 Fatal Issue(s) 0 Warning(s) [in 384 ms] (/Game/FirstPersonBP/Blueprints/FirstPersonCharacter.FirstPersonCharacter)
[2017.06.07-03.08.23:510][509]LogSavePackage: Save=125.13ms
[2017.06.07-03.08.23:510][509]LogSavePackage: Moving 'C:/Users/Liam/Google Drive/GB Studios/Build/GBStudios/Saved/FirstPersonCharacter2B1396A84F77F2D162E36F98E713928D.tmp' to 'C:/Users/Liam/Google Drive/GB Studios/Build/GBStudios/Content/FirstPersonBP/Blueprints/FirstPersonCharacter.uasset'
[2017.06.07-03.08.23:512][509]LogSavePackage:Display: Finished SavePackage C:/Users/Liam/Google Drive/GB Studios/Build/GBStudios/Content/FirstPersonBP/Blueprints/FirstPersonCharacter.uasset
[2017.06.07-03.09.02:431][238]LogSlate: Took 0.000141 seconds to synchronously load lazily loaded font '../../../Engine/Content/Slate/Fonts/Roboto-Light.ttf' (159K)
[2017.06.07-03.12.53:461][ 26]BlueprintLog: New page: Compile FirstPersonCharacter
[2017.06.07-03.12.54:092][ 45]LogSavePackage: Save=152.36ms
[2017.06.07-03.12.54:092][ 45]LogSavePackage: Moving 'C:/Users/Liam/Google Drive/GB Studios/Build/GBStudios/Saved/FirstPersonCharacter0F308DD44AE343B6F67EDEAEC4D46A37.tmp' to 'C:/Users/Liam/Google Drive/GB Studios/Build/GBStudios/Content/FirstPersonBP/Blueprints/FirstPersonCharacter.uasset'
[2017.06.07-03.12.54:094][ 45]LogSavePackage:Display: Finished SavePackage C:/Users/Liam/Google Drive/GB Studios/Build/GBStudios/Content/FirstPersonBP/Blueprints/FirstPersonCharacter.uasset
[2017.06.07-03.12.55:262][153]LogEditorViewport: Clicking on Actor (LMB): PickupBP_C (PickupBP)
[2017.06.07-03.12.58:022][422]LogTemp: Repeting last play command: Selected Viewport
[2017.06.07-03.12.58:060][422]LogBlueprintUserMessages: Early PlayInEditor Detection: Level '/Game/FirstPersonBP/Maps/FirstPersonExampleMap.FirstPersonExampleMap:PersistentLevel' has LevelScriptBlueprint '/Game/FirstPersonBP/Maps/FirstPersonExampleMap.FirstPersonExampleMap:PersistentLevel.FirstPersonExampleMap' with GeneratedClass '/Game/FirstPersonBP/Maps/FirstPersonExampleMap.FirstPersonExampleMap_C' with ClassGeneratedBy '/Game/FirstPersonBP/Maps/FirstPersonExampleMap.FirstPersonExampleMap:PersistentLevel.FirstPersonExampleMap'
[2017.06.07-03.12.58:061][422]LogPlayLevel: PlayLevel: No blueprints needed recompiling
[2017.06.07-03.12.58:061][422]PIE: New page: PIE session: FirstPersonExampleMap (Jun 6, 2017, 7:12:58 PM)
[2017.06.07-03.12.58:061][422]LogPlayLevel: Creating play world package: /Game/FirstPersonBP/Maps/UEDPIE_0_FirstPersonExampleMap
[2017.06.07-03.12.58:075][422]LogPlayLevel: PIE: StaticDuplicateObject took: (0.014416s)
[2017.06.07-03.12.58:076][422]LogAIModule: Creating AISystem for world FirstPersonExampleMap
[2017.06.07-03.12.58:076][422]LogPlayLevel: PIE: World Init took: (0.000926s)
[2017.06.07-03.12.58:076][422]LogPlayLevel: PIE: Created PIE world by copying editor world from /Game/FirstPersonBP/Maps/FirstPersonExampleMap.FirstPersonExampleMap to /Game/FirstPersonBP/Maps/UEDPIE_0_FirstPersonExampleMap.FirstPersonExampleMap (0.015576s)
[2017.06.07-03.12.58:095][422]LogInit: XAudio2 using 'Headphones (Realtek High Definition Audio)' : 2 channels at 48 kHz using 32 bits per sample (channel mask 0x3)
[2017.06.07-03.12.58:109][422]LogInit: FAudioDevice initialized.
[2017.06.07-03.12.58:150][422]LogLoad: Game class is 'FirstPersonGameMode_C'
[2017.06.07-03.12.58:154][422]LogWorld: Bringing World /Game/FirstPersonBP/Maps/UEDPIE_0_FirstPersonExampleMap.FirstPersonExampleMap up for play (max tick rate 0) at 2017.06.06-23.12.58
[2017.06.07-03.12.58:154][422]LogWorld: Bringing up level for play took: 0.002480
[2017.06.07-03.12.58:182][422]LogContentBrowser: Native class hierarchy updated for 'MovieSceneCapture' in 0.0006 seconds. Added 11 classes and 0 folders.
[2017.06.07-03.12.58:183][422]PIE: Info Play in editor start time for /Game/FirstPersonBP/Maps/UEDPIE_0_FirstPersonExampleMap 0.412
[2017.06.07-03.12.58:183][422]LogBlueprintUserMessages: Late PlayInEditor Detection: Level '/Game/FirstPersonBP/Maps/FirstPersonExampleMap.FirstPersonExampleMap:PersistentLevel' has LevelScriptBlueprint '/Game/FirstPersonBP/Maps/FirstPersonExampleMap.FirstPersonExampleMap:PersistentLevel.FirstPersonExampleMap' with GeneratedClass '/Game/FirstPersonBP/Maps/FirstPersonExampleMap.FirstPersonExampleMap_C' with ClassGeneratedBy '/Game/FirstPersonBP/Maps/FirstPersonExampleMap.FirstPersonExampleMap:PersistentLevel.FirstPersonExampleMap'
[2017.06.07-03.13.00:046][635]LogBlueprintUserMessages: Early EndPlayMap Detection: Level '/Game/FirstPersonBP/Maps/FirstPersonExampleMap.FirstPersonExampleMap:PersistentLevel' has LevelScriptBlueprint '/Game/FirstPersonBP/Maps/FirstPersonExampleMap.FirstPersonExampleMap:PersistentLevel.FirstPersonExampleMap' with GeneratedClass '/Game/FirstPersonBP/Maps/FirstPersonExampleMap.FirstPersonExampleMap_C' with ClassGeneratedBy '/Game/FirstPersonBP/Maps/FirstPersonExampleMap.FirstPersonExampleMap:PersistentLevel.FirstPersonExampleMap'
[2017.06.07-03.13.00:080][635]LogBlueprintUserMessages: Late EndPlayMap Detection: Level '/Game/FirstPersonBP/Maps/FirstPersonExampleMap.FirstPersonExampleMap:PersistentLevel' has LevelScriptBlueprint '/Game/FirstPersonBP/Maps/FirstPersonExampleMap.FirstPersonExampleMap:PersistentLevel.FirstPersonExampleMap' with GeneratedClass '/Game/FirstPersonBP/Maps/FirstPersonExampleMap.FirstPersonExampleMap_C' with ClassGeneratedBy '/Game/FirstPersonBP/Maps/FirstPersonExampleMap.FirstPersonExampleMap:PersistentLevel.FirstPersonExampleMap'
[2017.06.07-03.13.25:019][ 16]BlueprintLog: New page: Compile FirstPersonCharacter
[2017.06.07-03.13.25:643][ 32]LogSavePackage: Save=148.94ms
[2017.06.07-03.13.25:643][ 32]LogSavePackage: Moving 'C:/Users/Liam/Google Drive/GB Studios/Build/GBStudios/Saved/FirstPersonCharacter70636EF94FF1947F5ADCFEAA4599B98F.tmp' to 'C:/Users/Liam/Google Drive/GB Studios/Build/GBStudios/Content/FirstPersonBP/Blueprints/FirstPersonCharacter.uasset'
[2017.06.07-03.13.25:644][ 32]LogSavePackage:Display: Finished SavePackage C:/Users/Liam/Google Drive/GB Studios/Build/GBStudios/Content/FirstPersonBP/Blueprints/FirstPersonCharacter.uasset
[2017.06.07-03.13.26:601][ 71]LogTemp: Repeting last play command: Selected Viewport
[2017.06.07-03.13.26:614][ 71]LogBlueprintUserMessages: Early PlayInEditor Detection: Level '/Game/FirstPersonBP/Maps/FirstPersonExampleMap.FirstPersonExampleMap:PersistentLevel' has LevelScriptBlueprint '/Game/FirstPersonBP/Maps/FirstPersonExampleMap.FirstPersonExampleMap:PersistentLevel.FirstPersonExampleMap' with GeneratedClass '/Game/FirstPersonBP/Maps/FirstPersonExampleMap.FirstPersonExampleMap_C' with ClassGeneratedBy '/Game/FirstPersonBP/Maps/FirstPersonExampleMap.FirstPersonExampleMap:PersistentLevel.FirstPersonExampleMap'
[2017.06.07-03.13.26:614][ 71]LogPlayLevel: PlayLevel: No blueprints needed recompiling
[2017.06.07-03.13.26:614][ 71]PIE: New page: PIE session: FirstPersonExampleMap (Jun 6, 2017, 7:13:26 PM)
[2017.06.07-03.13.26:614][ 71]LogPlayLevel: Creating play world package: /Game/FirstPersonBP/Maps/UEDPIE_0_FirstPersonExampleMap
[2017.06.07-03.13.26:629][ 71]LogPlayLevel: PIE: StaticDuplicateObject took: (0.014512s)
[2017.06.07-03.13.26:629][ 71]LogAIModule: Creating AISystem for world FirstPersonExampleMap
[2017.06.07-03.13.26:630][ 71]LogPlayLevel: PIE: World Init took: (0.000731s)
[2017.06.07-03.13.26:630][ 71]LogPlayLevel: PIE: Created PIE world by copying editor world from /Game/FirstPersonBP/Maps/FirstPersonExampleMap.FirstPersonExampleMap to /Game/FirstPersonBP/Maps/UEDPIE_0_FirstPersonExampleMap.FirstPersonExampleMap (0.015447s)
[2017.06.07-03.13.26:650][ 71]LogInit: XAudio2 using 'Headphones (Realtek High Definition Audio)' : 2 channels at 48 kHz using 32 bits per sample (channel mask 0x3)
[2017.06.07-03.13.26:663][ 71]LogInit: FAudioDevice initialized.
[2017.06.07-03.13.26:697][ 71]LogLoad: Game class is 'FirstPersonGameMode_C'
[2017.06.07-03.13.26:700][ 71]LogWorld: Bringing World /Game/FirstPersonBP/Maps/UEDPIE_0_FirstPersonExampleMap.FirstPersonExampleMap up for play (max tick rate 0) at 2017.06.06-23.13.26
[2017.06.07-03.13.26:700][ 71]LogWorld: Bringing up level for play took: 0.002127
[2017.06.07-03.13.26:701][ 71]PIE: Info Play in editor start time for /Game/FirstPersonBP/Maps/UEDPIE_0_FirstPersonExampleMap 0.929
[2017.06.07-03.13.26:701][ 71]LogBlueprintUserMessages: Late PlayInEditor Detection: Level '/Game/FirstPersonBP/Maps/FirstPersonExampleMap.FirstPersonExampleMap:PersistentLevel' has LevelScriptBlueprint '/Game/FirstPersonBP/Maps/FirstPersonExampleMap.FirstPersonExampleMap:PersistentLevel.FirstPersonExampleMap' with GeneratedClass '/Game/FirstPersonBP/Maps/FirstPersonExampleMap.FirstPersonExampleMap_C' with ClassGeneratedBy '/Game/FirstPersonBP/Maps/FirstPersonExampleMap.FirstPersonExampleMap:PersistentLevel.FirstPersonExampleMap'
[2017.06.07-03.13.28:102][169]LogBlueprintUserMessages: Early EndPlayMap Detection: Level '/Game/FirstPersonBP/Maps/FirstPersonExampleMap.FirstPersonExampleMap:PersistentLevel' has LevelScriptBlueprint '/Game/FirstPersonBP/Maps/FirstPersonExampleMap.FirstPersonExampleMap:PersistentLevel.FirstPersonExampleMap' with GeneratedClass '/Game/FirstPersonBP/Maps/FirstPersonExampleMap.FirstPersonExampleMap_C' with ClassGeneratedBy '/Game/FirstPersonBP/Maps/FirstPersonExampleMap.FirstPersonExampleMap:PersistentLevel.FirstPersonExampleMap'
[2017.06.07-03.13.28:156][169]LogBlueprintUserMessages: Late EndPlayMap Detection: Level '/Game/FirstPersonBP/Maps/FirstPersonExampleMap.FirstPersonExampleMap:PersistentLevel' has LevelScriptBlueprint '/Game/FirstPersonBP/Maps/FirstPersonExampleMap.FirstPersonExampleMap:PersistentLevel.FirstPersonExampleMap' with GeneratedClass '/Game/FirstPersonBP/Maps/FirstPersonExampleMap.FirstPersonExampleMap_C' with ClassGeneratedBy '/Game/FirstPersonBP/Maps/FirstPersonExampleMap.FirstPersonExampleMap:PersistentLevel.FirstPersonExampleMap'
[2017.06.07-03.13.35:718][742]LogClass: UUserDefinedStruct.Serialize 'STRUCT_REINST_WeaponsStruct_1' validation: Struct 'UserDefinedStruct /Engine/Transient.STRUCT_REINST_WeaponsStruct_1' is empty
[2017.06.07-03.13.35:731][742]LogWindows: Windows GetLastError: The operation completed successfully. (0)
[2017.06.07-03.13.40:262][742]LogCrashTracker: 


[2017.06.07-03.13.40:262][742]LogCrashTracker: 


[2017.06.07-03.13.40:262][742]LogWindows:Error: === Critical error: ===
[2017.06.07-03.13.40:262][742]LogWindows:Error: 
[2017.06.07-03.13.40:262][742]LogWindows:Error: Assertion failed: Result [File:D:\Build\++UE4+Release-4.16+Compile\Sync\Engine\Source\Editor\UnrealEd\Private\Kismet2\BlueprintEditorUtils.cpp] [Line: 2171] 
[2017.06.07-03.13.40:262][742]LogWindows:Error: 
[2017.06.07-03.13.40:262][742]LogWindows:Error: 
[2017.06.07-03.13.40:262][742]LogWindows:Error: 
[2017.06.07-03.13.40:262][742]LogWindows:Error: KERNELBASE.dll!0x000000000A37E558
[2017.06.07-03.13.40:262][742]LogWindows:Error: UE4Editor-Core.dll!0x00000000E770AF0E
[2017.06.07-03.13.40:262][742]LogWindows:Error: UE4Editor-Core.dll!0x00000000E75223AB
[2017.06.07-03.13.40:262][742]LogWindows:Error: UE4Editor-Core.dll!0x00000000E74B0759
[2017.06.07-03.13.40:262][742]LogWindows:Error: UE4Editor-UnrealEd.dll!0x00000000D3B672EF
[2017.06.07-03.13.40:262][742]LogWindows:Error: UE4Editor-KismetCompiler.dll!0x00000000D937FC31
[2017.06.07-03.13.40:262][742]LogWindows:Error: UE4Editor-KismetCompiler.dll!0x00000000D93802FE
[2017.06.07-03.13.40:262][742]LogWindows:Error: UE4Editor-UnrealEd.dll!0x00000000D3BCC8BC
[2017.06.07-03.13.40:262][742]LogWindows:Error: UE4Editor-UnrealEd.dll!0x00000000D3BEFE83
[2017.06.07-03.13.40:262][742]LogWindows:Error: UE4Editor-UnrealEd.dll!0x00000000D3BC9747
[2017.06.07-03.13.40:262][742]LogWindows:Error: UE4Editor-Kismet.dll!0x00000000D301B462
[2017.06.07-03.13.40:262][742]LogWindows:Error: UE4Editor-Kismet.dll!0x00000000D2FFA77C
[2017.06.07-03.13.40:262][742]LogWindows:Error: UE4Editor-Kismet.dll!0x00000000D2FFC5CC
[2017.06.07-03.13.40:262][742]LogWindows:Error: UE4Editor-PropertyEditor.dll!0x00000000D76BAA77
[2017.06.07-03.13.40:262][742]LogWindows:Error: UE4Editor-PropertyEditor.dll!0x00000000D76F3787
[2017.06.07-03.13.40:262][742]LogWindows:Error: UE4Editor-PropertyEditor.dll!0x00000000D76F3C39
[2017.06.07-03.13.40:262][742]LogWindows:Error: UE4Editor-PropertyEditor.dll!0x00000000D77286CB
[2017.06.07-03.13.40:262][742]LogWindows:Error: UE4Editor-PropertyEditor.dll!0x00000000D773053C
[2017.06.07-03.13.40:262][742]LogWindows:Error: UE4Editor-PropertyEditor.dll!0x00000000D77D2BCD
[2017.06.07-03.13.40:262][742]LogWindows:Error: UE4Editor-PropertyEditor.dll!0x00000000D77A04EC
[2017.06.07-03.13.40:262][742]LogWindows:Error: UE4Editor-PropertyEditor.dll!0x00000000D77A29EC
[2017.06.07-03.13.40:262][742]LogWindows:Error: UE4Editor-PropertyEditor.dll!0x00000000D77BD725
[2017.06.07-03.13.40:262][742]LogWindows:Error: UE4Editor-PropertyEditor.dll!0x00000000D77A12DC
[2017.06.07-03.13.40:263][742]LogWindows:Error: UE4Editor-PropertyEditor.dll!0x00000000D77A32DC
[2017.06.07-03.13.40:263][742]LogWindows:Error: UE4Editor-ContentBrowser.dll!0x00000000C3CF54DC
[2017.06.07-03.13.40:263][742]LogWindows:Error: UE4Editor-ContentBrowser.dll!0x00000000C3D3337B
[2017.06.07-03.13.40:263][742]LogWindows:Error: UE4Editor-ContentBrowser.dll!0x00000000C3D3BB1A
[2017.06.07-03.13.40:263][742]LogWindows:Error: UE4Editor-ContentBrowser.dll!0x00000000C3D394E7
[2017.06.07-03.13.40:263][742]LogWindows:Error: UE4Editor-ContentBrowser.dll!0x00000000C3D9E73C
[2017.06.07-03.13.40:263][742]LogWindows:Error: UE4Editor-ContentBrowser.dll!0x00000000C3D94DF9
[2017.06.07-03.13.40:263][742]LogWindows:Error: UE4Editor-Slate.dll!0x00000000EE359E9C
[2017.06.07-03.13.40:263][742]LogWindows:Error: UE4Editor-Slate.dll!0x00000000EE329835
[2017.06.07-03.13.40:263][742]LogWindows:Error: UE4Editor-Slate.dll!0x00000000EE3CE5E2
[2017.06.07-03.13.40:263][742]LogWindows:Error: UE4Editor-Slate.dll!0x00000000EE3B720F
[2017.06.07-03.13.40:263][742]LogWindows:Error: UE4Editor-Slate.dll!0x00000000EE3A8391
[2017.06.07-03.13.40:263][742]LogWindows:Error: UE4Editor-Core.dll!0x00000000E770166B
[2017.06.07-03.13.40:263][742]LogWindows:Error: UE4Editor-Core.dll!0x00000000E76EB6E1
[2017.06.07-03.13.40:263][742]LogWindows:Error: UE4Editor-Core.dll!0x00000000E77032EB
[2017.06.07-03.13.40:263][742]LogWindows:Error: UE4Editor-Core.dll!0x00000000E76E7A32
[2017.06.07-03.13.40:263][742]LogWindows:Error: USER32.dll!0x000000000DBEAF83
[2017.06.07-03.13.40:263][742]LogWindows:Error: USER32.dll!0x000000000DBEA90F
[2017.06.07-03.13.40:263][742]LogWindows:Error: UE4Editor-Core.dll!0x00000000E7703BF6
[2017.06.07-03.13.40:263][742]LogWindows:Error: UE4Editor.exe!0x00000000310EDB44
[2017.06.07-03.13.40:263][742]LogWindows:Error: UE4Editor.exe!0x00000000310DF0B0
[2017.06.07-03.13.40:263][742]LogWindows:Error: UE4Editor.exe!0x00000000310DF12A
[2017.06.07-03.13.40:263][742]LogWindows:Error: UE4Editor.exe!0x00000000310F0CF9
[2017.06.07-03.13.40:263][742]LogWindows:Error: UE4Editor.exe!0x00000000310F25F7
[2017.06.07-03.13.40:263][742]LogWindows:Error: KERNEL32.DLL!0x000000000B5C31E4
[2017.06.07-03.13.40:263][742]LogWindows:Error: ntdll.dll!0x000000000DE1FAC1
[2017.06.07-03.13.40:263][742]LogWindows:Error: ntdll.dll!0x000000000DE1FAC1
[2017.06.07-03.13.40:263][742]LogWindows:Error: 
[2017.06.07-03.13.40:287][742]LogExit: Executing StaticShutdownAfterError
[2017.06.07-03.13.40:291][742]LogWindows: FPlatformMisc::RequestExit(1)
[2017.06.07-03.13.40:318][742]Log file closed, 06/06/17 23:13:40
